<?xml version="1.0" encoding="UTF-8"?>
<!-- Generated by org.testng.reporters.JUnitXMLReporter -->
<testsuite ignored="0" hostname="LPCAIQ1099" failures="0" tests="3" name="Default test" time="91.371" errors="0" timestamp="2024-08-17T23:07:35 EET">
  <testcase classname="Tests.FormPageValidationTests" name="FormAlertValidation" time="3.948"/>
  <testcase classname="Tests.FormPageValidationTests" name="FormPositiveScenario" time="12.499"/>
  <testcase classname="Tests.FormPageValidationTests" name="FormPositiveScenario" time="26.324"/>
</testsuite> <!-- Default test -->
