<?xml version="1.0" encoding="UTF-8"?>
<testng-results ignored="1" total="2" passed="1" failed="0" skipped="0">
  <reporter-output>
  </reporter-output>
  <suite started-at="2024-08-17T17:08:47 EEST" name="Suite" finished-at="2024-08-17T17:09:15 EEST" duration-ms="28775">
    <groups>
      <group name="Smoke">
        <method signature="FormPageValidationTests.FormAlertValidation()[pri:1, instance:Tests.FormPageValidationTests@38145825]" name="FormAlertValidation" class="Tests.FormPageValidationTests"/>
      </group> <!-- Smoke -->
    </groups>
    <test started-at="2024-08-17T17:08:47 EEST" name="FormPageValidationTests" finished-at="2024-08-17T17:09:15 EEST" duration-ms="28775">
      <class name="Tests.FormPageValidationTests">
        <test-method is-config="true" signature="ConfigureAppium()[pri:0, instance:Tests.FormPageValidationTests@38145825]" started-at="2024-08-17T17:08:47 EEST" name="ConfigureAppium" finished-at="2024-08-17T17:09:02 EEST" duration-ms="15169" status="PASS">
          <reporter-output>
          </reporter-output>
        </test-method> <!-- ConfigureAppium -->
        <test-method is-config="true" signature="ReturnToHomePage()[pri:0, instance:Tests.FormPageValidationTests@38145825]" started-at="2024-08-17T17:09:02 EEST" name="ReturnToHomePage" finished-at="2024-08-17T17:09:08 EEST" duration-ms="5988" status="PASS">
          <reporter-output>
          </reporter-output>
        </test-method> <!-- ReturnToHomePage -->
        <test-method signature="FormAlertValidation()[pri:1, instance:Tests.FormPageValidationTests@38145825]" started-at="2024-08-17T17:09:08 EEST" name="FormAlertValidation" finished-at="2024-08-17T17:09:13 EEST" duration-ms="4792" status="PASS">
          <reporter-output>
          </reporter-output>
        </test-method> <!-- FormAlertValidation -->
        <test-method is-config="true" signature="AfterTest()[pri:0, instance:Tests.FormPageValidationTests@38145825]" started-at="2024-08-17T17:09:13 EEST" name="AfterTest" finished-at="2024-08-17T17:09:15 EEST" duration-ms="2741" status="PASS">
          <reporter-output>
          </reporter-output>
        </test-method> <!-- AfterTest -->
      </class> <!-- Tests.FormPageValidationTests -->
    </test> <!-- FormPageValidationTests -->
  </suite> <!-- Suite -->
</testng-results>
