<?xml version="1.0" encoding="UTF-8"?>
<!-- Generated by org.testng.reporters.JUnitXMLReporter -->
<testsuite ignored="1" hostname="LPCAIQ1099" failures="0" tests="1" name="FormPageValidationTests" time="28.775" errors="0" timestamp="2024-08-17T17:09:17 EEST">
  <testcase classname="Tests.FormPageValidationTests" name="FormAlertValidation" time="4.792"/>
  <testcase classname="Tests.FormPageValidationTests" name="FormPositiveScenario" time="0.0">
    <ignored/>
  </testcase> <!-- FormPositiveScenario -->
</testsuite> <!-- FormPageValidationTests -->
